2022-03-18 02:55:12.419 UTC [1] LOG:  starting PostgreSQL 13.1 (Debian 13.1-1.pgdg100+1) on x86_64-pc-linux-gnu, compiled by gcc (Debian 8.3.0-6) 8.3.0, 64-bit
2022-03-18 02:55:12.419 UTC [1] LOG:  listening on IPv4 address "0.0.0.0", port 5432
2022-03-18 02:55:12.419 UTC [1] LOG:  listening on IPv6 address "::", port 5432
2022-03-18 02:55:12.427 UTC [1] LOG:  listening on Unix socket "/var/run/postgresql/.s.PGSQL.5432"
2022-03-18 02:55:12.450 UTC [29] LOG:  database system was shut down in recovery at 2022-03-18 02:55:06 UTC
2022-03-18 02:55:12.455 UTC [29] LOG:  entering standby mode
2022-03-18 02:55:12.474 UTC [29] LOG:  redo starts at 0/2253940
2022-03-18 02:55:12.474 UTC [29] LOG:  consistent recovery state reached at 0/2253A28
2022-03-18 02:55:12.474 UTC [29] LOG:  invalid record length at 0/2253A28: wanted 24, got 0
2022-03-18 02:55:12.475 UTC [1] LOG:  database system is ready to accept read only connections
2022-03-18 02:55:12.488 UTC [33] LOG:  started streaming WAL from primary at 0/2000000 on timeline 1
2022-03-18 02:56:16.047 UTC [33] LOG:  replication terminated by primary server
2022-03-18 02:56:16.047 UTC [33] DETAIL:  End of WAL reached on timeline 1 at 0/2253AA0.
2022-03-18 02:56:16.047 UTC [33] FATAL:  could not send end-of-streaming message to primary: no COPY in progress
2022-03-18 02:56:16.055 UTC [29] LOG:  invalid record length at 0/2253AA0: wanted 24, got 0
2022-03-18 02:56:16.080 UTC [34] FATAL:  could not connect to the primary server: server closed the connection unexpectedly
		This probably means the server terminated abnormally
		before or while processing the request.
2022-03-18 02:56:21.077 UTC [35] LOG:  started streaming WAL from primary at 0/2000000 on timeline 1
2022-03-18 02:59:28.423 UTC [1] LOG:  received fast shutdown request
2022-03-18 02:59:28.425 UTC [1] LOG:  aborting any active transactions
2022-03-18 02:59:28.428 UTC [35] FATAL:  terminating walreceiver process due to administrator command
2022-03-18 02:59:28.432 UTC [30] LOG:  shutting down
2022-03-18 02:59:28.464 UTC [1] LOG:  database system is shut down
